<?xml version="1.0" encoding="utf-8"?><testsuites name="pytest tests"><testsuite name="pytest" errors="0" failures="0" skipped="0" tests="15" time="27.976" timestamp="2026-05-04T15:06:46.512617+00:00" hostname="agent-env-4afad53a-6b7e-45de-8fc0-0d04f264326f"><testcase classname="backend.tests.backend_test.TestProfile" name="test_get_default_profile" time="0.259" /><testcase classname="backend.tests.backend_test.TestProfile" name="test_update_profile" time="0.260" /><testcase classname="backend.tests.backend_test.TestExercises" name="test_list_exercises" time="0.078" /><testcase classname="backend.tests.backend_test.TestWorkouts" name="test_create_workout" time="0.074" /><testcase classname="backend.tests.backend_test.TestWorkouts" name="test_list_workouts" time="0.085" /><testcase classname="backend.tests.backend_test.TestWorkouts" name="test_get_workout" time="0.084" /><testcase classname="backend.tests.backend_test.TestWorkouts" name="test_delete_workout" time="0.140" /><testcase classname="backend.tests.backend_test.TestStats" name="test_stats_overview_shape" time="0.093" /><testcase classname="backend.tests.backend_test.TestAIParse" name="test_parse_workout_ai" time="3.664" /><testcase classname="backend.tests.backend_test.TestChat" name="test_clear_chat" time="0.080" /><testcase classname="backend.tests.backend_test.TestChat" name="test_send_and_history" time="9.238" /><testcase classname="backend.tests.backend_test.TestInsights" name="test_generate_insights" time="12.336" /><testcase classname="backend.tests.backend_test.TestInsights" name="test_get_cached" time="0.110" /><testcase classname="backend.tests.backend_test.TestTranscribe" name="test_empty_rejected" time="0.186" /><testcase classname="backend.tests.backend_test.TestTranscribe" name="test_tiny_wav_accepted" time="1.211" /></testsuite></testsuites>